[2018-04-30] | Текст Ошибки: Class 'R' not found 
       | Путь к Файлу: /var/www/html/luxur/app/views/Main/index.php | Строка Ошибки: 8 
===================
[2018-04-30] | Текст Ошибки: Class 'R' not found 
       | Путь к Файлу: /var/www/html/luxur/app/views/Main/index.php | Строка Ошибки: 8 
===================
[2018-04-30] | Текст Ошибки: Class 'R' not found 
       | Путь к Файлу: /var/www/html/luxur/app/views/Main/index.php | Строка Ошибки: 8 
===================
[2018-04-30] | Текст Ошибки: Class 'R' not found 
       | Путь к Файлу: /var/www/html/luxur/app/views/Main/index.php | Строка Ошибки: 8 
===================
[2018-04-30] | Текст Ошибки: Class 'R' not found 
       | Путь к Файлу: /var/www/html/luxur/app/views/Main/index.php | Строка Ошибки: 8 
===================
[2018-04-30] | Текст Ошибки: Class 'R' not found 
       | Путь к Файлу: /var/www/html/luxur/app/views/Main/index.php | Строка Ошибки: 8 
===================
[2018-04-30] | Текст Ошибки: Class 'R' not found 
       | Путь к Файлу: /var/www/html/luxur/app/views/Main/index.php | Строка Ошибки: 8 
===================
[2018-04-30] | Текст Ошибки: Class 'R' not found 
       | Путь к Файлу: /var/www/html/luxur/app/views/Main/index.php | Строка Ошибки: 8 
===================
[2018-04-30] | Текст Ошибки: Class 'R' not found 
       | Путь к Файлу: /var/www/html/luxur/app/views/Main/index.php | Строка Ошибки: 8 
===================
[2018-04-30] | Текст Ошибки: Class 'R' not found 
       | Путь к Файлу: /var/www/html/luxur/app/views/Main/index.php | Строка Ошибки: 8 
===================
[2018-04-30] | Текст Ошибки: Class 'R' not found 
       | Путь к Файлу: /var/www/html/luxur/app/views/Main/index.php | Строка Ошибки: 8 
===================
[2018-04-30] | Текст Ошибки: Class 'R' not found 
       | Путь к Файлу: /var/www/html/luxur/app/views/Main/index.php | Строка Ошибки: 8 
===================
[2018-04-30] | Текст Ошибки: Class 'R' not found 
       | Путь к Файлу: /var/www/html/luxur/app/views/Main/index.php | Строка Ошибки: 8 
===================
[2018-04-30] | Текст Ошибки: Class 'R' not found 
       | Путь к Файлу: /var/www/html/luxur/app/views/Main/index.php | Строка Ошибки: 8 
===================
[2018-04-30] | Текст Ошибки: Class 'R' not found 
       | Путь к Файлу: /var/www/html/luxur/app/views/Main/index.php | Строка Ошибки: 8 
===================
[2018-04-30] | Текст Ошибки: Cannot instantiate abstract class ishop\Cache 
       | Путь к Файлу: /var/www/html/luxur/vendor/ishop/core/TSingletone.php | Строка Ошибки: 19 
===================
